# JRE version: OpenJDK Runtime Environment (11.0.8+10) (build 11.0.8+10-b944.6842174)
# Java VM: OpenJDK 64-Bit Server VM (11.0.8+10-b944.6842174, mixed mode, tiered, compressed oops, g1 gc, windows-amd64)
Heap:
 garbage-first heap   total 522240K, used 49836K [0x0000000080000000, 0x0000000100000000)
  region size 1024K, 22 young (22528K), 8 survivors (8192K)
 Metaspace       used 36784K, capacity 37726K, committed 37888K, reserved 1081344K
  class space    used 4771K, capacity 5115K, committed 5120K, reserved 1048576K
GC Heap History (8 events):
Event: 0.666 GC heap before
{Heap before GC invocations=0 (full 0):
 garbage-first heap   total 522240K, used 30720K [0x0000000080000000, 0x0000000100000000)
  region size 1024K, 25 young (25600K), 0 survivors (0K)
 Metaspace       used 10758K, capacity 11018K, committed 11264K, reserved 1058816K
  class space    used 1142K, capacity 1202K, committed 1280K, reserved 1048576K
}
Event: 0.669 GC heap after
{Heap after GC invocations=1 (full 0):
 garbage-first heap   total 522240K, used 8767K [0x0000000080000000, 0x0000000100000000)
  region size 1024K, 4 young (4096K), 4 survivors (4096K)
 Metaspace       used 10758K, capacity 11018K, committed 11264K, reserved 1058816K
  class space    used 1142K, capacity 1202K, committed 1280K, reserved 1048576K
}
Event: 2.302 GC heap before
{Heap before GC invocations=1 (full 0):
 garbage-first heap   total 522240K, used 94783K [0x0000000080000000, 0x0000000100000000)
  region size 1024K, 89 young (91136K), 4 survivors (4096K)
 Metaspace       used 20630K, capacity 21114K, committed 21248K, reserved 1067008K
  class space    used 2535K, capacity 2723K, committed 2816K, reserved 1048576K
}
Event: 2.310 GC heap after
{Heap after GC invocations=2 (full 0):
 garbage-first heap   total 522240K, used 15871K [0x0000000080000000, 0x0000000100000000)
  region size 1024K, 11 young (11264K), 11 survivors (11264K)
 Metaspace       used 20630K, capacity 21114K, committed 21248K, reserved 1067008K
  class space    used 2535K, capacity 2723K, committed 2816K, reserved 1048576K
}
Event: 4.377 GC heap before
{Heap before GC invocations=3 (full 0):
 garbage-first heap   total 522240K, used 79359K [0x0000000080000000, 0x0000000100000000)
  region size 1024K, 65 young (66560K), 11 survivors (11264K)
 Metaspace       used 26308K, capacity 27032K, committed 27264K, reserved 1073152K
  class space    used 3438K, capacity 3694K, committed 3712K, reserved 1048576K
}
Event: 4.385 GC heap after
{Heap after GC invocations=4 (full 0):
 garbage-first heap   total 522240K, used 30193K [0x0000000080000000, 0x0000000100000000)
  region size 1024K, 5 young (5120K), 5 survivors (5120K)
 Metaspace       used 26308K, capacity 27032K, committed 27264K, reserved 1073152K
  class space    used 3438K, capacity 3694K, committed 3712K, reserved 1048576K
}
Event: 4.949 GC heap before
{Heap before GC invocations=4 (full 0):
 garbage-first heap   total 522240K, used 80369K [0x0000000080000000, 0x0000000100000000)
  region size 1024K, 56 young (57344K), 5 survivors (5120K)
 Metaspace       used 35032K, capacity 35835K, committed 35840K, reserved 1081344K
  class space    used 4544K, capacity 4862K, committed 4864K, reserved 1048576K
}
Event: 4.957 GC heap after
{Heap after GC invocations=5 (full 0):
 garbage-first heap   total 522240K, used 33452K [0x0000000080000000, 0x0000000100000000)
  region size 1024K, 8 young (8192K), 8 survivors (8192K)
 Metaspace       used 35032K, capacity 35835K, committed 35840K, reserved 1081344K
  class space    used 4544K, capacity 4862K, committed 4864K, reserved 1048576K
}

